<?xml version="1.0" encoding="UTF-8"?>
<!-- Generated by org.testng.reporters.JUnitReportReporter -->
<testsuite skipped="0" hostname="DESKTOP-GAOM8LM" name="com.webapp.runner.ExcelRunner" tests="1" failures="0" timestamp="06 Mar 2021 11:43:42 GMT" time="1.658" errors="0">
  <testcase name="feature" time="1.658" classname="com.webapp.runner.ExcelRunner"/>
</testsuite> <!-- com.webapp.runner.ExcelRunner -->
